#! /usr/bin/vvp
:ivl_version "12.0 (stable)";
:ivl_delay_selection "TYPICAL";
:vpi_time_precision + 0;
:vpi_module "/usr/lib/x86_64-linux-gnu/ivl/system.vpi";
:vpi_module "/usr/lib/x86_64-linux-gnu/ivl/vhdl_sys.vpi";
:vpi_module "/usr/lib/x86_64-linux-gnu/ivl/vhdl_textio.vpi";
:vpi_module "/usr/lib/x86_64-linux-gnu/ivl/v2005_math.vpi";
:vpi_module "/usr/lib/x86_64-linux-gnu/ivl/va_math.vpi";
S_0x58e8f5740680 .scope module, "uart_top_tb" "uart_top_tb" 2 1;
 .timescale 0 0;
v0x58e8f5778870_0 .var "clk", 0 0;
v0x58e8f5778930_0 .var "rst_n", 0 0;
v0x58e8f57789f0_0 .net "rx_data", 7 0, v0x58e8f5776010_0;  1 drivers
v0x58e8f5778ac0_0 .net "rx_done", 0 0, v0x58e8f57761b0_0;  1 drivers
v0x58e8f5778bb0_0 .net "tx_busy", 0 0, v0x58e8f5777bd0_0;  1 drivers
v0x58e8f5778cf0_0 .var "tx_data", 7 0;
v0x58e8f5778d90_0 .var "tx_start", 0 0;
S_0x58e8f5740810 .scope task, "send_character" "send_character" 2 22, 2 22 0, S_0x58e8f5740680;
 .timescale 0 0;
v0x58e8f573b600_0 .var "char", 7 0;
E_0x58e8f5705ba0 .event anyedge, v0x58e8f57761b0_0;
E_0x58e8f573e8b0 .event posedge, v0x58e8f57375b0_0;
TD_uart_top_tb.send_character ;
    %wait E_0x58e8f573e8b0;
    %load/vec4 v0x58e8f573b600_0;
    %store/vec4 v0x58e8f5778cf0_0, 0, 8;
    %pushi/vec4 1, 0, 1;
    %store/vec4 v0x58e8f5778d90_0, 0, 1;
    %delay 20, 0;
    %pushi/vec4 0, 0, 1;
    %store/vec4 v0x58e8f5778d90_0, 0, 1;
T_0.0 ;
    %load/vec4 v0x58e8f5778ac0_0;
    %cmpi/ne 1, 0, 1;
    %jmp/0xz T_0.1, 6;
    %wait E_0x58e8f5705ba0;
    %jmp T_0.0;
T_0.1 ;
    %end;
S_0x58e8f5775220 .scope module, "top_tb" "uart_top" 2 6, 3 1 0, S_0x58e8f5740680;
 .timescale 0 0;
    .port_info 0 /INPUT 1 "clk";
    .port_info 1 /INPUT 1 "rst_n";
    .port_info 2 /INPUT 1 "tx_start";
    .port_info 3 /INPUT 8 "tx_data";
    .port_info 4 /OUTPUT 1 "tx_busy";
    .port_info 5 /OUTPUT 1 "rx_done";
    .port_info 6 /OUTPUT 8 "rx_data";
v0x58e8f5778050_0 .net "baud_tick", 0 0, v0x58e8f57374e0_0;  1 drivers
v0x58e8f5778110_0 .net "clk", 0 0, v0x58e8f5778870_0;  1 drivers
v0x58e8f5778260_0 .net "rst_n", 0 0, v0x58e8f5778930_0;  1 drivers
v0x58e8f5778390_0 .net "rx_data", 7 0, v0x58e8f5776010_0;  alias, 1 drivers
v0x58e8f5778430_0 .net "rx_done", 0 0, v0x58e8f57761b0_0;  alias, 1 drivers
v0x58e8f57784d0_0 .net "tx_busy", 0 0, v0x58e8f5777bd0_0;  alias, 1 drivers
v0x58e8f57785a0_0 .net "tx_data", 7 0, v0x58e8f5778cf0_0;  1 drivers
v0x58e8f5778640_0 .net "tx_rx_data", 0 0, v0x58e8f57773c0_0;  1 drivers
v0x58e8f57786e0_0 .net "tx_start", 0 0, v0x58e8f5778d90_0;  1 drivers
S_0x58e8f57754d0 .scope module, "baud_gen_top" "baud_gen" 3 8, 4 1 0, S_0x58e8f5775220;
 .timescale 0 0;
    .port_info 0 /INPUT 1 "clk";
    .port_info 1 /INPUT 1 "rst_n";
    .port_info 2 /OUTPUT 1 "baud_tick";
P_0x58e8f57756b0 .param/l "baud_rate" 0 4 1, +C4<00000000000000000010010110000000>;
P_0x58e8f57756f0 .param/l "clk_div" 1 4 3, +C4<00000000000000000001010001011000>;
P_0x58e8f5775730 .param/l "clk_freq" 0 4 1, +C4<00000010111110101111000010000000>;
v0x58e8f57374e0_0 .var "baud_tick", 0 0;
v0x58e8f57375b0_0 .net "clk", 0 0, v0x58e8f5778870_0;  alias, 1 drivers
v0x58e8f5735a30_0 .var "count", 13 0;
v0x58e8f5735ad0_0 .net "rst_n", 0 0, v0x58e8f5778930_0;  alias, 1 drivers
E_0x58e8f57291d0/0 .event negedge, v0x58e8f5735ad0_0;
E_0x58e8f57291d0/1 .event posedge, v0x58e8f57375b0_0;
E_0x58e8f57291d0 .event/or E_0x58e8f57291d0/0, E_0x58e8f57291d0/1;
S_0x58e8f5775a40 .scope module, "rx_top" "uart_rx" 3 12, 5 1 0, S_0x58e8f5775220;
 .timescale 0 0;
    .port_info 0 /INPUT 1 "clk";
    .port_info 1 /INPUT 1 "rst_n";
    .port_info 2 /INPUT 1 "baud_tick";
    .port_info 3 /INPUT 1 "rx_data_in";
    .port_info 4 /OUTPUT 8 "rx_data";
    .port_info 5 /OUTPUT 1 "rx_done";
v0x58e8f57391c0_0 .net "baud_tick", 0 0, v0x58e8f57374e0_0;  alias, 1 drivers
v0x58e8f5775c20_0 .var "bit_count", 3 0;
v0x58e8f5775ce0_0 .net "clk", 0 0, v0x58e8f5778870_0;  alias, 1 drivers
v0x58e8f5775de0_0 .var "data_reg", 7 0;
v0x58e8f5775e80_0 .net "rst_n", 0 0, v0x58e8f5778930_0;  alias, 1 drivers
v0x58e8f5775f70_0 .var "rx_busy", 0 0;
v0x58e8f5776010_0 .var "rx_data", 7 0;
v0x58e8f57760f0_0 .net "rx_data_in", 0 0, v0x58e8f57773c0_0;  alias, 1 drivers
v0x58e8f57761b0_0 .var "rx_done", 0 0;
S_0x58e8f5776330 .scope module, "tx_top" "uart_tx" 3 10, 6 1 0, S_0x58e8f5775220;
 .timescale 0 0;
    .port_info 0 /INPUT 1 "clk";
    .port_info 1 /INPUT 1 "rst_n";
    .port_info 2 /INPUT 1 "baud_tick";
    .port_info 3 /INPUT 1 "tx_start";
    .port_info 4 /INPUT 8 "tx_data";
    .port_info 5 /OUTPUT 1 "tx_data_out";
    .port_info 6 /OUTPUT 1 "tx_busy";
P_0x58e8f57764f0 .param/l "width" 0 6 1, +C4<00000000000000000000000000001010>;
v0x58e8f5777710_0 .net "baud_tick", 0 0, v0x58e8f57374e0_0;  alias, 1 drivers
v0x58e8f5777820_0 .var "bit_count", 4 0;
v0x58e8f5777900_0 .net "clk", 0 0, v0x58e8f5778870_0;  alias, 1 drivers
v0x58e8f57779a0_0 .var "load_piso", 0 0;
v0x58e8f5777a40_0 .net "rst_n", 0 0, v0x58e8f5778930_0;  alias, 1 drivers
v0x58e8f5777b30_0 .var "shift_piso", 0 0;
v0x58e8f5777bd0_0 .var "tx_busy", 0 0;
v0x58e8f5777c70_0 .net "tx_data", 7 0, v0x58e8f5778cf0_0;  alias, 1 drivers
v0x58e8f5777d40_0 .net "tx_data_out", 0 0, v0x58e8f57773c0_0;  alias, 1 drivers
v0x58e8f5777de0_0 .net "tx_start", 0 0, v0x58e8f5778d90_0;  alias, 1 drivers
v0x58e8f5777e80_0 .net "uart_frame", 9 0, L_0x58e8f5778e80;  1 drivers
S_0x58e8f5776670 .scope module, "fg_tx" "frame_gen" 6 8, 7 1 0, S_0x58e8f5776330;
 .timescale 0 0;
    .port_info 0 /INPUT 8 "data_in";
    .port_info 1 /OUTPUT 10 "frame_out";
L_0x74081eece018 .functor BUFT 1, C4<1>, C4<0>, C4<0>, C4<0>;
v0x58e8f57768b0_0 .net/2u *"_ivl_0", 0 0, L_0x74081eece018;  1 drivers
L_0x74081eece060 .functor BUFT 1, C4<0>, C4<0>, C4<0>, C4<0>;
v0x58e8f57769b0_0 .net/2u *"_ivl_2", 0 0, L_0x74081eece060;  1 drivers
v0x58e8f5776a90_0 .net "data_in", 7 0, v0x58e8f5778cf0_0;  alias, 1 drivers
v0x58e8f5776b80_0 .net "frame_out", 9 0, L_0x58e8f5778e80;  alias, 1 drivers
L_0x58e8f5778e80 .concat [ 1 8 1 0], L_0x74081eece060, v0x58e8f5778cf0_0, L_0x74081eece018;
S_0x58e8f5776cc0 .scope module, "piso_tx" "piso_reg" 6 10, 8 1 0, S_0x58e8f5776330;
 .timescale 0 0;
    .port_info 0 /INPUT 1 "clk";
    .port_info 1 /INPUT 1 "rst_n";
    .port_info 2 /INPUT 1 "shift";
    .port_info 3 /INPUT 1 "load";
    .port_info 4 /INPUT 10 "p_data";
    .port_info 5 /OUTPUT 1 "serial_data";
P_0x58e8f5776ea0 .param/l "width" 0 8 1, +C4<00000000000000000000000000001010>;
v0x58e8f5777050_0 .net "clk", 0 0, v0x58e8f5778870_0;  alias, 1 drivers
v0x58e8f5777140_0 .net "load", 0 0, v0x58e8f57779a0_0;  1 drivers
v0x58e8f5777200_0 .net "p_data", 9 0, L_0x58e8f5778e80;  alias, 1 drivers
v0x58e8f57772d0_0 .net "rst_n", 0 0, v0x58e8f5778930_0;  alias, 1 drivers
v0x58e8f57773c0_0 .var "serial_data", 0 0;
v0x58e8f57774b0_0 .net "shift", 0 0, v0x58e8f5777b30_0;  1 drivers
v0x58e8f5777550_0 .var "shift_reg", 9 0;
    .scope S_0x58e8f57754d0;
T_1 ;
    %wait E_0x58e8f57291d0;
    %load/vec4 v0x58e8f5735ad0_0;
    %nor/r;
    %flag_set/vec4 8;
    %jmp/0xz  T_1.0, 8;
    %pushi/vec4 0, 0, 14;
    %assign/vec4 v0x58e8f5735a30_0, 0;
    %pushi/vec4 0, 0, 1;
    %assign/vec4 v0x58e8f57374e0_0, 0;
    %jmp T_1.1;
T_1.0 ;
    %load/vec4 v0x58e8f5735a30_0;
    %pad/u 32;
    %cmpi/e 5207, 0, 32;
    %jmp/0xz  T_1.2, 4;
    %pushi/vec4 0, 0, 14;
    %assign/vec4 v0x58e8f5735a30_0, 0;
    %pushi/vec4 1, 0, 1;
    %assign/vec4 v0x58e8f57374e0_0, 0;
    %jmp T_1.3;
T_1.2 ;
    %load/vec4 v0x58e8f5735a30_0;
    %addi 1, 0, 14;
    %assign/vec4 v0x58e8f5735a30_0, 0;
    %pushi/vec4 0, 0, 1;
    %assign/vec4 v0x58e8f57374e0_0, 0;
T_1.3 ;
T_1.1 ;
    %jmp T_1;
    .thread T_1;
    .scope S_0x58e8f5776cc0;
T_2 ;
    %wait E_0x58e8f57291d0;
    %load/vec4 v0x58e8f57772d0_0;
    %nor/r;
    %flag_set/vec4 8;
    %jmp/0xz  T_2.0, 8;
    %pushi/vec4 1023, 0, 10;
    %assign/vec4 v0x58e8f5777550_0, 0;
    %pushi/vec4 1, 0, 1;
    %assign/vec4 v0x58e8f57773c0_0, 0;
    %jmp T_2.1;
T_2.0 ;
    %load/vec4 v0x58e8f5777140_0;
    %flag_set/vec4 8;
    %jmp/0xz  T_2.2, 8;
    %load/vec4 v0x58e8f5777200_0;
    %assign/vec4 v0x58e8f5777550_0, 0;
    %jmp T_2.3;
T_2.2 ;
    %load/vec4 v0x58e8f57774b0_0;
    %flag_set/vec4 8;
    %jmp/0xz  T_2.4, 8;
    %load/vec4 v0x58e8f5777550_0;
    %parti/s 1, 0, 2;
    %assign/vec4 v0x58e8f57773c0_0, 0;
    %load/vec4 v0x58e8f5777550_0;
    %ix/load 4, 1, 0;
    %flag_set/imm 4, 0;
    %shiftr 4;
    %assign/vec4 v0x58e8f5777550_0, 0;
T_2.4 ;
T_2.3 ;
T_2.1 ;
    %jmp T_2;
    .thread T_2;
    .scope S_0x58e8f5776330;
T_3 ;
    %wait E_0x58e8f57291d0;
    %load/vec4 v0x58e8f5777a40_0;
    %nor/r;
    %flag_set/vec4 8;
    %jmp/0xz  T_3.0, 8;
    %pushi/vec4 0, 0, 1;
    %assign/vec4 v0x58e8f5777bd0_0, 0;
    %pushi/vec4 0, 0, 5;
    %assign/vec4 v0x58e8f5777820_0, 0;
    %pushi/vec4 0, 0, 1;
    %assign/vec4 v0x58e8f57779a0_0, 0;
    %pushi/vec4 0, 0, 1;
    %assign/vec4 v0x58e8f5777b30_0, 0;
    %jmp T_3.1;
T_3.0 ;
    %pushi/vec4 0, 0, 1;
    %assign/vec4 v0x58e8f57779a0_0, 0;
    %pushi/vec4 0, 0, 1;
    %assign/vec4 v0x58e8f5777b30_0, 0;
    %load/vec4 v0x58e8f5777de0_0;
    %flag_set/vec4 9;
    %flag_get/vec4 9;
    %jmp/0 T_3.4, 9;
    %load/vec4 v0x58e8f5777bd0_0;
    %nor/r;
    %and;
T_3.4;
    %flag_set/vec4 8;
    %jmp/0xz  T_3.2, 8;
    %pushi/vec4 1, 0, 1;
    %assign/vec4 v0x58e8f5777bd0_0, 0;
    %pushi/vec4 0, 0, 5;
    %assign/vec4 v0x58e8f5777820_0, 0;
    %pushi/vec4 1, 0, 1;
    %assign/vec4 v0x58e8f57779a0_0, 0;
    %jmp T_3.3;
T_3.2 ;
    %load/vec4 v0x58e8f5777bd0_0;
    %flag_set/vec4 9;
    %flag_get/vec4 9;
    %jmp/0 T_3.7, 9;
    %load/vec4 v0x58e8f5777710_0;
    %and;
T_3.7;
    %flag_set/vec4 8;
    %jmp/0xz  T_3.5, 8;
    %pushi/vec4 1, 0, 1;
    %assign/vec4 v0x58e8f5777b30_0, 0;
    %load/vec4 v0x58e8f5777820_0;
    %addi 1, 0, 5;
    %assign/vec4 v0x58e8f5777820_0, 0;
    %load/vec4 v0x58e8f5777820_0;
    %pad/u 32;
    %cmpi/e 9, 0, 32;
    %jmp/0xz  T_3.8, 4;
    %pushi/vec4 0, 0, 1;
    %assign/vec4 v0x58e8f5777bd0_0, 0;
T_3.8 ;
T_3.5 ;
T_3.3 ;
T_3.1 ;
    %jmp T_3;
    .thread T_3;
    .scope S_0x58e8f5775a40;
T_4 ;
    %wait E_0x58e8f57291d0;
    %load/vec4 v0x58e8f5775e80_0;
    %nor/r;
    %flag_set/vec4 8;
    %jmp/0xz  T_4.0, 8;
    %pushi/vec4 0, 0, 4;
    %assign/vec4 v0x58e8f5775c20_0, 0;
    %pushi/vec4 0, 0, 1;
    %assign/vec4 v0x58e8f5775f70_0, 0;
    %pushi/vec4 0, 0, 1;
    %assign/vec4 v0x58e8f57761b0_0, 0;
    %jmp T_4.1;
T_4.0 ;
    %pushi/vec4 0, 0, 1;
    %assign/vec4 v0x58e8f57761b0_0, 0;
    %load/vec4 v0x58e8f5775f70_0;
    %nor/r;
    %flag_set/vec4 9;
    %flag_get/vec4 9;
    %jmp/0 T_4.4, 9;
    %load/vec4 v0x58e8f57760f0_0;
    %nor/r;
    %and;
T_4.4;
    %flag_set/vec4 8;
    %jmp/0xz  T_4.2, 8;
    %pushi/vec4 1, 0, 1;
    %assign/vec4 v0x58e8f5775f70_0, 0;
    %pushi/vec4 0, 0, 4;
    %assign/vec4 v0x58e8f5775c20_0, 0;
    %jmp T_4.3;
T_4.2 ;
    %load/vec4 v0x58e8f5775f70_0;
    %flag_set/vec4 9;
    %flag_get/vec4 9;
    %jmp/0 T_4.7, 9;
    %load/vec4 v0x58e8f57391c0_0;
    %and;
T_4.7;
    %flag_set/vec4 8;
    %jmp/0xz  T_4.5, 8;
    %load/vec4 v0x58e8f5775c20_0;
    %addi 1, 0, 4;
    %assign/vec4 v0x58e8f5775c20_0, 0;
    %load/vec4 v0x58e8f5775c20_0;
    %pad/u 32;
    %cmpi/u 1, 0, 32;
    %flag_inv 5; GE is !LT
    %flag_get/vec4 5;
    %jmp/0 T_4.10, 5;
    %load/vec4 v0x58e8f5775c20_0;
    %pad/u 32;
    %cmpi/u 8, 0, 32;
    %flag_get/vec4 4;
    %flag_get/vec4 5;
    %or;
    %and;
T_4.10;
    %flag_set/vec4 8;
    %jmp/0xz  T_4.8, 8;
    %load/vec4 v0x58e8f57760f0_0;
    %load/vec4 v0x58e8f5775de0_0;
    %parti/s 7, 1, 2;
    %concat/vec4; draw_concat_vec4
    %assign/vec4 v0x58e8f5775de0_0, 0;
T_4.8 ;
    %load/vec4 v0x58e8f5775c20_0;
    %pad/u 32;
    %cmpi/e 9, 0, 32;
    %jmp/0xz  T_4.11, 4;
    %load/vec4 v0x58e8f5775de0_0;
    %assign/vec4 v0x58e8f5776010_0, 0;
    %pushi/vec4 1, 0, 1;
    %assign/vec4 v0x58e8f57761b0_0, 0;
    %pushi/vec4 0, 0, 1;
    %assign/vec4 v0x58e8f5775f70_0, 0;
T_4.11 ;
T_4.5 ;
T_4.3 ;
T_4.1 ;
    %jmp T_4;
    .thread T_4;
    .scope S_0x58e8f5740680;
T_5 ;
    %delay 10, 0;
    %load/vec4 v0x58e8f5778870_0;
    %inv;
    %store/vec4 v0x58e8f5778870_0, 0, 1;
    %jmp T_5;
    .thread T_5;
    .scope S_0x58e8f5740680;
T_6 ;
    %pushi/vec4 0, 0, 1;
    %store/vec4 v0x58e8f5778870_0, 0, 1;
    %pushi/vec4 0, 0, 1;
    %store/vec4 v0x58e8f5778930_0, 0, 1;
    %pushi/vec4 0, 0, 1;
    %store/vec4 v0x58e8f5778d90_0, 0, 1;
    %pushi/vec4 0, 0, 8;
    %store/vec4 v0x58e8f5778cf0_0, 0, 8;
    %delay 100, 0;
    %pushi/vec4 1, 0, 1;
    %store/vec4 v0x58e8f5778930_0, 0, 1;
    %pushi/vec4 115, 0, 8; draw_string_vec4
    %store/vec4 v0x58e8f573b600_0, 0, 8;
    %fork TD_uart_top_tb.send_character, S_0x58e8f5740810;
    %join;
    %pushi/vec4 105, 0, 8; draw_string_vec4
    %store/vec4 v0x58e8f573b600_0, 0, 8;
    %fork TD_uart_top_tb.send_character, S_0x58e8f5740810;
    %join;
    %pushi/vec4 108, 0, 8; draw_string_vec4
    %store/vec4 v0x58e8f573b600_0, 0, 8;
    %fork TD_uart_top_tb.send_character, S_0x58e8f5740810;
    %join;
    %pushi/vec4 105, 0, 8; draw_string_vec4
    %store/vec4 v0x58e8f573b600_0, 0, 8;
    %fork TD_uart_top_tb.send_character, S_0x58e8f5740810;
    %join;
    %pushi/vec4 99, 0, 8; draw_string_vec4
    %store/vec4 v0x58e8f573b600_0, 0, 8;
    %fork TD_uart_top_tb.send_character, S_0x58e8f5740810;
    %join;
    %pushi/vec4 111, 0, 8; draw_string_vec4
    %store/vec4 v0x58e8f573b600_0, 0, 8;
    %fork TD_uart_top_tb.send_character, S_0x58e8f5740810;
    %join;
    %pushi/vec4 110, 0, 8; draw_string_vec4
    %store/vec4 v0x58e8f573b600_0, 0, 8;
    %fork TD_uart_top_tb.send_character, S_0x58e8f5740810;
    %join;
    %pushi/vec4 32, 0, 8; draw_string_vec4
    %store/vec4 v0x58e8f573b600_0, 0, 8;
    %fork TD_uart_top_tb.send_character, S_0x58e8f5740810;
    %join;
    %pushi/vec4 99, 0, 8; draw_string_vec4
    %store/vec4 v0x58e8f573b600_0, 0, 8;
    %fork TD_uart_top_tb.send_character, S_0x58e8f5740810;
    %join;
    %pushi/vec4 114, 0, 8; draw_string_vec4
    %store/vec4 v0x58e8f573b600_0, 0, 8;
    %fork TD_uart_top_tb.send_character, S_0x58e8f5740810;
    %join;
    %pushi/vec4 97, 0, 8; draw_string_vec4
    %store/vec4 v0x58e8f573b600_0, 0, 8;
    %fork TD_uart_top_tb.send_character, S_0x58e8f5740810;
    %join;
    %pushi/vec4 102, 0, 8; draw_string_vec4
    %store/vec4 v0x58e8f573b600_0, 0, 8;
    %fork TD_uart_top_tb.send_character, S_0x58e8f5740810;
    %join;
    %pushi/vec4 116, 0, 8; draw_string_vec4
    %store/vec4 v0x58e8f573b600_0, 0, 8;
    %fork TD_uart_top_tb.send_character, S_0x58e8f5740810;
    %join;
    %delay 1500, 0;
    %vpi_call 2 55 "$finish" {0 0 0};
    %end;
    .thread T_6;
    .scope S_0x58e8f5740680;
T_7 ;
    %wait E_0x58e8f573e8b0;
    %load/vec4 v0x58e8f5778ac0_0;
    %flag_set/vec4 8;
    %jmp/0xz  T_7.0, 8;
    %vpi_call 2 59 "$display", "%c", v0x58e8f57789f0_0 {0 0 0};
T_7.0 ;
    %jmp T_7;
    .thread T_7;
    .scope S_0x58e8f5740680;
T_8 ;
    %vpi_call 2 68 "$dumpfile", "uart.vcd" {0 0 0};
    %vpi_call 2 69 "$dumpvars", 32'sb00000000000000000000000000000000, S_0x58e8f5740680 {0 0 0};
    %end;
    .thread T_8;
# The file index is used to find the file name in the following table.
:file_names 9;
    "N/A";
    "<interactive>";
    "uart_top_tb.v";
    "uart_top.v";
    "baud_gen.v";
    "uart_rx.v";
    "uart_tx.v";
    "frame_gen.v";
    "piso_reg.v";
